# JRE version: OpenJDK Runtime Environment (17.0.6) (build 17.0.6+0-b2043.56-10027231)
# Java VM: OpenJDK 64-Bit Server VM (17.0.6+0-b2043.56-10027231, mixed mode, tiered, compressed oops, compressed class ptrs, g1 gc, windows-amd64)
GC Precious Log:
 CPUs: 12 total, 12 available
 Memory: 15713M
 Large Page Support: Disabled
 NUMA Support: Disabled
 Compressed Oops: Enabled (32-bit)
 Heap Region Size: 1M
 Heap Min Capacity: 8M
 Heap Initial Capacity: 246M
 Heap Max Capacity: 2G
 Pre-touch: Disabled
 Parallel Workers: 10
 Concurrent Workers: 3
 Concurrent Refinement Workers: 10
 Periodic GC: Disabled
Heap:
 garbage-first heap   total 348160K, used 193792K [0x0000000080000000, 0x0000000100000000)
  region size 1024K, 8 young (8192K), 2 survivors (2048K)
 Metaspace       used 108459K, committed 109248K, reserved 1146880K
  class space    used 14778K, committed 15168K, reserved 1048576K
GC Heap History (20 events):
Event: 26.261 GC heap before
{Heap before GC invocations=56 (full 0):
 garbage-first heap   total 295936K, used 239820K [0x0000000080000000, 0x0000000100000000)
  region size 1024K, 74 young (75776K), 5 survivors (5120K)
 Metaspace       used 98369K, committed 99136K, reserved 1138688K
  class space    used 13488K, committed 13888K, reserved 1048576K
}
Event: 26.266 GC heap after
{Heap after GC invocations=57 (full 0):
 garbage-first heap   total 295936K, used 170559K [0x0000000080000000, 0x0000000100000000)
  region size 1024K, 6 young (6144K), 6 survivors (6144K)
 Metaspace       used 98369K, committed 99136K, reserved 1138688K
  class space    used 13488K, committed 13888K, reserved 1048576K
}
Event: 27.862 GC heap before
{Heap before GC invocations=57 (full 0):
 garbage-first heap   total 295936K, used 243263K [0x0000000080000000, 0x0000000100000000)
  region size 1024K, 77 young (78848K), 6 survivors (6144K)
 Metaspace       used 98370K, committed 99136K, reserved 1138688K
  class space    used 13488K, committed 13888K, reserved 1048576K
}
Event: 27.874 GC heap after
{Heap after GC invocations=58 (full 0):
 garbage-first heap   total 295936K, used 172358K [0x0000000080000000, 0x0000000100000000)
  region size 1024K, 7 young (7168K), 7 survivors (7168K)
 Metaspace       used 98370K, committed 99136K, reserved 1138688K
  class space    used 13488K, committed 13888K, reserved 1048576K
}
Event: 29.227 GC heap before
{Heap before GC invocations=58 (full 0):
 garbage-first heap   total 295936K, used 247110K [0x0000000080000000, 0x0000000100000000)
  region size 1024K, 80 young (81920K), 7 survivors (7168K)
 Metaspace       used 98371K, committed 99136K, reserved 1138688K
  class space    used 13488K, committed 13888K, reserved 1048576K
}
Event: 29.233 GC heap after
{Heap after GC invocations=59 (full 0):
 garbage-first heap   total 295936K, used 173961K [0x0000000080000000, 0x0000000100000000)
  region size 1024K, 7 young (7168K), 7 survivors (7168K)
 Metaspace       used 98371K, committed 99136K, reserved 1138688K
  class space    used 13488K, committed 13888K, reserved 1048576K
}
Event: 30.091 GC heap before
{Heap before GC invocations=59 (full 0):
 garbage-first heap   total 295936K, used 249737K [0x0000000080000000, 0x0000000100000000)
  region size 1024K, 81 young (82944K), 7 survivors (7168K)
 Metaspace       used 98371K, committed 99136K, reserved 1138688K
  class space    used 13488K, committed 13888K, reserved 1048576K
}
Event: 30.098 GC heap after
{Heap after GC invocations=60 (full 0):
 garbage-first heap   total 295936K, used 175480K [0x0000000080000000, 0x0000000100000000)
  region size 1024K, 8 young (8192K), 8 survivors (8192K)
 Metaspace       used 98371K, committed 99136K, reserved 1138688K
  class space    used 13488K, committed 13888K, reserved 1048576K
}
Event: 31.042 GC heap before
{Heap before GC invocations=61 (full 0):
 garbage-first heap   total 311296K, used 248184K [0x0000000080000000, 0x0000000100000000)
  region size 1024K, 79 young (80896K), 8 survivors (8192K)
 Metaspace       used 98372K, committed 99136K, reserved 1138688K
  class space    used 13488K, committed 13888K, reserved 1048576K
}
Event: 31.048 GC heap after
{Heap after GC invocations=62 (full 0):
 garbage-first heap   total 311296K, used 177455K [0x0000000080000000, 0x0000000100000000)
  region size 1024K, 6 young (6144K), 6 survivors (6144K)
 Metaspace       used 98372K, committed 99136K, reserved 1138688K
  class space    used 13488K, committed 13888K, reserved 1048576K
}
Event: 31.161 GC heap before
{Heap before GC invocations=62 (full 0):
 garbage-first heap   total 311296K, used 186671K [0x0000000080000000, 0x0000000100000000)
  region size 1024K, 15 young (15360K), 6 survivors (6144K)
 Metaspace       used 98372K, committed 99136K, reserved 1138688K
  class space    used 13488K, committed 13888K, reserved 1048576K
}
Event: 31.168 GC heap after
{Heap after GC invocations=63 (full 0):
 garbage-first heap   total 311296K, used 175945K [0x0000000080000000, 0x0000000100000000)
  region size 1024K, 2 young (2048K), 2 survivors (2048K)
 Metaspace       used 98372K, committed 99136K, reserved 1138688K
  class space    used 13488K, committed 13888K, reserved 1048576K
}
Event: 32.356 GC heap before
{Heap before GC invocations=63 (full 0):
 garbage-first heap   total 311296K, used 262985K [0x0000000080000000, 0x0000000100000000)
  region size 1024K, 87 young (89088K), 2 survivors (2048K)
 Metaspace       used 98372K, committed 99136K, reserved 1138688K
  class space    used 13488K, committed 13888K, reserved 1048576K
}
Event: 32.360 GC heap after
{Heap after GC invocations=64 (full 0):
 garbage-first heap   total 311296K, used 178208K [0x0000000080000000, 0x0000000100000000)
  region size 1024K, 5 young (5120K), 5 survivors (5120K)
 Metaspace       used 98372K, committed 99136K, reserved 1138688K
  class space    used 13488K, committed 13888K, reserved 1048576K
}
Event: 32.376 GC heap before
{Heap before GC invocations=64 (full 0):
 garbage-first heap   total 311296K, used 180256K [0x0000000080000000, 0x0000000100000000)
  region size 1024K, 6 young (6144K), 5 survivors (5120K)
 Metaspace       used 98406K, committed 99200K, reserved 1138688K
  class space    used 13499K, committed 13888K, reserved 1048576K
}
Event: 32.380 GC heap after
{Heap after GC invocations=65 (full 0):
 garbage-first heap   total 311296K, used 180419K [0x0000000080000000, 0x0000000100000000)
  region size 1024K, 5 young (5120K), 5 survivors (5120K)
 Metaspace       used 98406K, committed 99200K, reserved 1138688K
  class space    used 13499K, committed 13888K, reserved 1048576K
}
Event: 33.906 GC heap before
{Heap before GC invocations=66 (full 0):
 garbage-first heap   total 348160K, used 270531K [0x0000000080000000, 0x0000000100000000)
  region size 1024K, 79 young (80896K), 5 survivors (5120K)
 Metaspace       used 107005K, committed 107840K, reserved 1146880K
  class space    used 14576K, committed 14976K, reserved 1048576K
}
Event: 33.921 GC heap after
{Heap after GC invocations=67 (full 0):
 garbage-first heap   total 348160K, used 187679K [0x0000000080000000, 0x0000000100000000)
  region size 1024K, 10 young (10240K), 10 survivors (10240K)
 Metaspace       used 107005K, committed 107840K, reserved 1146880K
  class space    used 14576K, committed 14976K, reserved 1048576K
}
Event: 34.120 GC heap before
{Heap before GC invocations=67 (full 0):
 garbage-first heap   total 348160K, used 194847K [0x0000000080000000, 0x0000000100000000)
  region size 1024K, 17 young (17408K), 10 survivors (10240K)
 Metaspace       used 107734K, committed 108480K, reserved 1146880K
  class space    used 14688K, committed 15040K, reserved 1048576K
}
Event: 34.130 GC heap after
{Heap after GC invocations=68 (full 0):
 garbage-first heap   total 348160K, used 188672K [0x0000000080000000, 0x0000000100000000)
  region size 1024K, 2 young (2048K), 2 survivors (2048K)
 Metaspace       used 107734K, committed 108480K, reserved 1146880K
  class space    used 14688K, committed 15040K, reserved 1048576K
}

