# JRE version: OpenJDK Runtime Environment (17.0.6) (build 17.0.6+0-b2043.56-10027231)
# Java VM: OpenJDK 64-Bit Server VM (17.0.6+0-b2043.56-10027231, mixed mode, tiered, compressed oops, compressed class ptrs, g1 gc, windows-amd64)
GC Precious Log:
 CPUs: 12 total, 12 available
 Memory: 15713M
 Large Page Support: Disabled
 NUMA Support: Disabled
 Compressed Oops: Enabled (32-bit)
 Heap Region Size: 1M
 Heap Min Capacity: 8M
 Heap Initial Capacity: 246M
 Heap Max Capacity: 2G
 Pre-touch: Disabled
 Parallel Workers: 10
 Concurrent Workers: 3
 Concurrent Refinement Workers: 10
 Periodic GC: Disabled
Heap:
 garbage-first heap   total 368640K, used 229800K [0x0000000080000000, 0x0000000100000000)
  region size 1024K, 19 young (19456K), 7 survivors (7168K)
 Metaspace       used 125140K, committed 126208K, reserved 1163264K
  class space    used 16816K, committed 17344K, reserved 1048576K
GC Heap History (20 events):
Event: 9.056 GC heap before
{Heap before GC invocations=50 (full 0):
 garbage-first heap   total 317440K, used 283619K [0x0000000080000000, 0x0000000100000000)
  region size 1024K, 92 young (94208K), 2 survivors (2048K)
 Metaspace       used 92656K, committed 93440K, reserved 1130496K
  class space    used 12787K, committed 13120K, reserved 1048576K
}
Event: 9.060 GC heap after
{Heap after GC invocations=51 (full 0):
 garbage-first heap   total 317440K, used 183777K [0x0000000080000000, 0x0000000100000000)
  region size 1024K, 11 young (11264K), 11 survivors (11264K)
 Metaspace       used 92656K, committed 93440K, reserved 1130496K
  class space    used 12787K, committed 13120K, reserved 1048576K
}
Event: 9.095 GC heap before
{Heap before GC invocations=51 (full 0):
 garbage-first heap   total 317440K, used 190945K [0x0000000080000000, 0x0000000100000000)
  region size 1024K, 20 young (20480K), 11 survivors (11264K)
 Metaspace       used 93228K, committed 93952K, reserved 1130496K
  class space    used 12840K, committed 13184K, reserved 1048576K
}
Event: 9.098 GC heap after
{Heap after GC invocations=52 (full 0):
 garbage-first heap   total 317440K, used 185774K [0x0000000080000000, 0x0000000100000000)
  region size 1024K, 3 young (3072K), 3 survivors (3072K)
 Metaspace       used 93228K, committed 93952K, reserved 1130496K
  class space    used 12840K, committed 13184K, reserved 1048576K
}
Event: 9.977 GC heap before
{Heap before GC invocations=53 (full 0):
 garbage-first heap   total 321536K, used 264622K [0x0000000080000000, 0x0000000100000000)
  region size 1024K, 79 young (80896K), 3 survivors (3072K)
 Metaspace       used 105052K, committed 105920K, reserved 1146880K
  class space    used 14268K, committed 14720K, reserved 1048576K
}
Event: 9.980 GC heap after
{Heap after GC invocations=54 (full 0):
 garbage-first heap   total 321536K, used 188926K [0x0000000080000000, 0x0000000100000000)
  region size 1024K, 6 young (6144K), 6 survivors (6144K)
 Metaspace       used 105052K, committed 105920K, reserved 1146880K
  class space    used 14268K, committed 14720K, reserved 1048576K
}
Event: 10.112 GC heap before
{Heap before GC invocations=54 (full 0):
 garbage-first heap   total 321536K, used 197118K [0x0000000080000000, 0x0000000100000000)
  region size 1024K, 15 young (15360K), 6 survivors (6144K)
 Metaspace       used 107588K, committed 108416K, reserved 1146880K
  class space    used 14576K, committed 14976K, reserved 1048576K
}
Event: 10.116 GC heap after
{Heap after GC invocations=55 (full 0):
 garbage-first heap   total 321536K, used 189720K [0x0000000080000000, 0x0000000100000000)
  region size 1024K, 2 young (2048K), 2 survivors (2048K)
 Metaspace       used 107588K, committed 108416K, reserved 1146880K
  class space    used 14576K, committed 14976K, reserved 1048576K
}
Event: 12.400 GC heap before
{Heap before GC invocations=55 (full 0):
 garbage-first heap   total 321536K, used 268568K [0x0000000080000000, 0x0000000100000000)
  region size 1024K, 80 young (81920K), 2 survivors (2048K)
 Metaspace       used 112378K, committed 113280K, reserved 1146880K
  class space    used 15162K, committed 15616K, reserved 1048576K
}
Event: 12.406 GC heap after
{Heap after GC invocations=56 (full 0):
 garbage-first heap   total 321536K, used 200341K [0x0000000080000000, 0x0000000100000000)
  region size 1024K, 10 young (10240K), 10 survivors (10240K)
 Metaspace       used 112378K, committed 113280K, reserved 1146880K
  class space    used 15162K, committed 15616K, reserved 1048576K
}
Event: 27.908 GC heap before
{Heap before GC invocations=56 (full 0):
 garbage-first heap   total 321536K, used 266901K [0x0000000080000000, 0x0000000100000000)
  region size 1024K, 76 young (77824K), 10 survivors (10240K)
 Metaspace       used 113112K, committed 113984K, reserved 1155072K
  class space    used 15259K, committed 15680K, reserved 1048576K
}
Event: 27.913 GC heap after
{Heap after GC invocations=57 (full 0):
 garbage-first heap   total 321536K, used 203986K [0x0000000080000000, 0x0000000100000000)
  region size 1024K, 6 young (6144K), 6 survivors (6144K)
 Metaspace       used 113112K, committed 113984K, reserved 1155072K
  class space    used 15259K, committed 15680K, reserved 1048576K
}
Event: 62.437 GC heap before
{Heap before GC invocations=57 (full 0):
 garbage-first heap   total 321536K, used 267474K [0x0000000080000000, 0x0000000100000000)
  region size 1024K, 69 young (70656K), 6 survivors (6144K)
 Metaspace       used 114643K, committed 115456K, reserved 1155072K
  class space    used 15401K, committed 15808K, reserved 1048576K
}
Event: 62.442 GC heap after
{Heap after GC invocations=58 (full 0):
 garbage-first heap   total 321536K, used 210176K [0x0000000080000000, 0x0000000100000000)
  region size 1024K, 9 young (9216K), 9 survivors (9216K)
 Metaspace       used 114643K, committed 115456K, reserved 1155072K
  class space    used 15401K, committed 15808K, reserved 1048576K
}
Event: 62.927 GC heap before
{Heap before GC invocations=59 (full 0):
 garbage-first heap   total 368640K, used 268544K [0x0000000080000000, 0x0000000100000000)
  region size 1024K, 66 young (67584K), 9 survivors (9216K)
 Metaspace       used 117642K, committed 118528K, reserved 1155072K
  class space    used 15777K, committed 16192K, reserved 1048576K
}
Event: 62.932 GC heap after
{Heap after GC invocations=60 (full 0):
 garbage-first heap   total 368640K, used 214511K [0x0000000080000000, 0x0000000100000000)
  region size 1024K, 6 young (6144K), 6 survivors (6144K)
 Metaspace       used 117642K, committed 118528K, reserved 1155072K
  class space    used 15777K, committed 16192K, reserved 1048576K
}
Event: 64.932 GC heap before
{Heap before GC invocations=60 (full 0):
 garbage-first heap   total 368640K, used 226799K [0x0000000080000000, 0x0000000100000000)
  region size 1024K, 18 young (18432K), 6 survivors (6144K)
 Metaspace       used 118470K, committed 119552K, reserved 1155072K
  class space    used 15916K, committed 16448K, reserved 1048576K
}
Event: 64.936 GC heap after
{Heap after GC invocations=61 (full 0):
 garbage-first heap   total 368640K, used 213686K [0x0000000080000000, 0x0000000100000000)
  region size 1024K, 2 young (2048K), 2 survivors (2048K)
 Metaspace       used 118470K, committed 119552K, reserved 1155072K
  class space    used 15916K, committed 16448K, reserved 1048576K
}
Event: 72.028 GC heap before
{Heap before GC invocations=61 (full 0):
 garbage-first heap   total 368640K, used 303798K [0x0000000080000000, 0x0000000100000000)
  region size 1024K, 90 young (92160K), 2 survivors (2048K)
 Metaspace       used 124820K, committed 125824K, reserved 1163264K
  class space    used 16766K, committed 17280K, reserved 1048576K
}
Event: 72.032 GC heap after
{Heap after GC invocations=62 (full 0):
 garbage-first heap   total 368640K, used 218536K [0x0000000080000000, 0x0000000100000000)
  region size 1024K, 7 young (7168K), 7 survivors (7168K)
 Metaspace       used 124820K, committed 125824K, reserved 1163264K
  class space    used 16766K, committed 17280K, reserved 1048576K
}

