# JRE version: OpenJDK Runtime Environment (17.0.6) (build 17.0.6+0-b2043.56-10027231)
# Java VM: OpenJDK 64-Bit Server VM (17.0.6+0-b2043.56-10027231, mixed mode, tiered, compressed oops, compressed class ptrs, g1 gc, windows-amd64)
GC Precious Log:
 CPUs: 12 total, 12 available
 Memory: 15713M
 Large Page Support: Disabled
 NUMA Support: Disabled
 Compressed Oops: Enabled (32-bit)
 Heap Region Size: 1M
 Heap Min Capacity: 8M
 Heap Initial Capacity: 246M
 Heap Max Capacity: 2G
 Pre-touch: Disabled
 Parallel Workers: 10
 Concurrent Workers: 3
 Concurrent Refinement Workers: 10
 Periodic GC: Disabled
Heap:
 garbage-first heap   total 522240K, used 383118K [0x0000000080000000, 0x0000000100000000)
  region size 1024K, 118 young (120832K), 3 survivors (3072K)
 Metaspace       used 186039K, committed 187328K, reserved 1212416K
  class space    used 24246K, committed 24896K, reserved 1048576K
GC Heap History (20 events):
Event: 32.645 GC heap before
{Heap before GC invocations=63 (full 0):
 garbage-first heap   total 522240K, used 398200K [0x0000000080000000, 0x0000000100000000)
  region size 1024K, 182 young (186368K), 4 survivors (4096K)
 Metaspace       used 148647K, committed 149504K, reserved 1179648K
  class space    used 19559K, committed 19968K, reserved 1048576K
}
Event: 32.663 GC heap after
{Heap after GC invocations=64 (full 0):
 garbage-first heap   total 522240K, used 235248K [0x0000000080000000, 0x0000000100000000)
  region size 1024K, 23 young (23552K), 23 survivors (23552K)
 Metaspace       used 148647K, committed 149504K, reserved 1179648K
  class space    used 19559K, committed 19968K, reserved 1048576K
}
Event: 35.413 GC heap before
{Heap before GC invocations=64 (full 0):
 garbage-first heap   total 522240K, used 399088K [0x0000000080000000, 0x0000000100000000)
  region size 1024K, 183 young (187392K), 23 survivors (23552K)
 Metaspace       used 148647K, committed 149504K, reserved 1179648K
  class space    used 19559K, committed 19968K, reserved 1048576K
}
Event: 35.427 GC heap after
{Heap after GC invocations=65 (full 0):
 garbage-first heap   total 522240K, used 240939K [0x0000000080000000, 0x0000000100000000)
  region size 1024K, 8 young (8192K), 8 survivors (8192K)
 Metaspace       used 148647K, committed 149504K, reserved 1179648K
  class space    used 19559K, committed 19968K, reserved 1048576K
}
Event: 38.689 GC heap before
{Heap before GC invocations=65 (full 0):
 garbage-first heap   total 522240K, used 415019K [0x0000000080000000, 0x0000000100000000)
  region size 1024K, 178 young (182272K), 8 survivors (8192K)
 Metaspace       used 148649K, committed 149504K, reserved 1179648K
  class space    used 19559K, committed 19968K, reserved 1048576K
}
Event: 38.696 GC heap after
{Heap after GC invocations=66 (full 0):
 garbage-first heap   total 522240K, used 243142K [0x0000000080000000, 0x0000000100000000)
  region size 1024K, 10 young (10240K), 10 survivors (10240K)
 Metaspace       used 148649K, committed 149504K, reserved 1179648K
  class space    used 19559K, committed 19968K, reserved 1048576K
}
Event: 41.422 GC heap before
{Heap before GC invocations=66 (full 0):
 garbage-first heap   total 522240K, used 423366K [0x0000000080000000, 0x0000000100000000)
  region size 1024K, 186 young (190464K), 10 survivors (10240K)
 Metaspace       used 148689K, committed 149504K, reserved 1179648K
  class space    used 19570K, committed 19968K, reserved 1048576K
}
Event: 41.429 GC heap after
{Heap after GC invocations=67 (full 0):
 garbage-first heap   total 522240K, used 246898K [0x0000000080000000, 0x0000000100000000)
  region size 1024K, 14 young (14336K), 14 survivors (14336K)
 Metaspace       used 148689K, committed 149504K, reserved 1179648K
  class space    used 19570K, committed 19968K, reserved 1048576K
}
Event: 41.431 GC heap before
{Heap before GC invocations=67 (full 0):
 garbage-first heap   total 522240K, used 248946K [0x0000000080000000, 0x0000000100000000)
  region size 1024K, 15 young (15360K), 14 survivors (14336K)
 Metaspace       used 148689K, committed 149504K, reserved 1179648K
  class space    used 19570K, committed 19968K, reserved 1048576K
}
Event: 41.439 GC heap after
{Heap after GC invocations=68 (full 0):
 garbage-first heap   total 522240K, used 249511K [0x0000000080000000, 0x0000000100000000)
  region size 1024K, 11 young (11264K), 11 survivors (11264K)
 Metaspace       used 148689K, committed 149504K, reserved 1179648K
  class space    used 19570K, committed 19968K, reserved 1048576K
}
Event: 44.215 GC heap before
{Heap before GC invocations=69 (full 0):
 garbage-first heap   total 522240K, used 442023K [0x0000000080000000, 0x0000000100000000)
  region size 1024K, 192 young (196608K), 11 survivors (11264K)
 Metaspace       used 161173K, committed 162048K, reserved 1196032K
  class space    used 21044K, committed 21440K, reserved 1048576K
}
Event: 44.235 GC heap after
{Heap after GC invocations=70 (full 0):
 garbage-first heap   total 522240K, used 254647K [0x0000000080000000, 0x0000000100000000)
  region size 1024K, 24 young (24576K), 24 survivors (24576K)
 Metaspace       used 161173K, committed 162048K, reserved 1196032K
  class space    used 21044K, committed 21440K, reserved 1048576K
}
Event: 44.242 GC heap before
{Heap before GC invocations=70 (full 0):
 garbage-first heap   total 522240K, used 254647K [0x0000000080000000, 0x0000000100000000)
  region size 1024K, 25 young (25600K), 24 survivors (24576K)
 Metaspace       used 161178K, committed 162048K, reserved 1196032K
  class space    used 21044K, committed 21440K, reserved 1048576K
}
Event: 44.254 GC heap after
{Heap after GC invocations=71 (full 0):
 garbage-first heap   total 522240K, used 251782K [0x0000000080000000, 0x0000000100000000)
  region size 1024K, 4 young (4096K), 4 survivors (4096K)
 Metaspace       used 161178K, committed 162048K, reserved 1196032K
  class space    used 21044K, committed 21440K, reserved 1048576K
}
Event: 1175.124 GC heap before
{Heap before GC invocations=71 (full 0):
 garbage-first heap   total 522240K, used 428934K [0x0000000080000000, 0x0000000100000000)
  region size 1024K, 178 young (182272K), 4 survivors (4096K)
 Metaspace       used 169566K, committed 170688K, reserved 1204224K
  class space    used 22129K, committed 22656K, reserved 1048576K
}
Event: 1175.133 GC heap after
{Heap after GC invocations=72 (full 0):
 garbage-first heap   total 522240K, used 260407K [0x0000000080000000, 0x0000000100000000)
  region size 1024K, 12 young (12288K), 12 survivors (12288K)
 Metaspace       used 169566K, committed 170688K, reserved 1204224K
  class space    used 22129K, committed 22656K, reserved 1048576K
}
Event: 1177.652 GC heap before
{Heap before GC invocations=73 (full 0):
 garbage-first heap   total 522240K, used 433463K [0x0000000080000000, 0x0000000100000000)
  region size 1024K, 181 young (185344K), 12 survivors (12288K)
 Metaspace       used 176337K, committed 177600K, reserved 1204224K
  class space    used 22842K, committed 23424K, reserved 1048576K
}
Event: 1177.671 GC heap after
{Heap after GC invocations=74 (full 0):
 garbage-first heap   total 522240K, used 274255K [0x0000000080000000, 0x0000000100000000)
  region size 1024K, 23 young (23552K), 23 survivors (23552K)
 Metaspace       used 176337K, committed 177600K, reserved 1204224K
  class space    used 22842K, committed 23424K, reserved 1048576K
}
Event: 1177.693 GC heap before
{Heap before GC invocations=74 (full 0):
 garbage-first heap   total 522240K, used 276303K [0x0000000080000000, 0x0000000100000000)
  region size 1024K, 25 young (25600K), 23 survivors (23552K)
 Metaspace       used 176438K, committed 177664K, reserved 1204224K
  class space    used 22859K, committed 23424K, reserved 1048576K
}
Event: 1177.738 GC heap after
{Heap after GC invocations=75 (full 0):
 garbage-first heap   total 522240K, used 267406K [0x0000000080000000, 0x0000000100000000)
  region size 1024K, 3 young (3072K), 3 survivors (3072K)
 Metaspace       used 176438K, committed 177664K, reserved 1204224K
  class space    used 22859K, committed 23424K, reserved 1048576K
}

