# JRE version: OpenJDK Runtime Environment (17.0.6) (build 17.0.6+0-b2043.56-10027231)
# Java VM: OpenJDK 64-Bit Server VM (17.0.6+0-b2043.56-10027231, mixed mode, tiered, compressed oops, compressed class ptrs, g1 gc, windows-amd64)
GC Precious Log:
 CPUs: 12 total, 12 available
 Memory: 15713M
 Large Page Support: Disabled
 NUMA Support: Disabled
 Compressed Oops: Enabled (32-bit)
 Heap Region Size: 1M
 Heap Min Capacity: 8M
 Heap Initial Capacity: 246M
 Heap Max Capacity: 2G
 Pre-touch: Disabled
 Parallel Workers: 10
 Concurrent Workers: 3
 Concurrent Refinement Workers: 10
 Periodic GC: Disabled
Heap:
 garbage-first heap   total 296960K, used 169244K [0x0000000080000000, 0x0000000100000000)
  region size 1024K, 7 young (7168K), 7 survivors (7168K)
 Metaspace       used 116607K, committed 117376K, reserved 1155072K
  class space    used 15458K, committed 15808K, reserved 1048576K
GC Heap History (20 events):
Event: 7.881 GC heap after
{Heap after GC invocations=47 (full 0):
 garbage-first heap   total 201728K, used 131451K [0x0000000080000000, 0x0000000100000000)
  region size 1024K, 6 young (6144K), 6 survivors (6144K)
 Metaspace       used 92579K, committed 93312K, reserved 1130496K
  class space    used 12793K, committed 13120K, reserved 1048576K
}
Event: 7.984 GC heap before
{Heap before GC invocations=48 (full 0):
 garbage-first heap   total 232448K, used 162171K [0x0000000080000000, 0x0000000100000000)
  region size 1024K, 36 young (36864K), 6 survivors (6144K)
 Metaspace       used 92586K, committed 93312K, reserved 1130496K
  class space    used 12793K, committed 13120K, reserved 1048576K
}
Event: 7.990 GC heap after
{Heap after GC invocations=49 (full 0):
 garbage-first heap   total 232448K, used 141471K [0x0000000080000000, 0x0000000100000000)
  region size 1024K, 5 young (5120K), 5 survivors (5120K)
 Metaspace       used 92586K, committed 93312K, reserved 1130496K
  class space    used 12793K, committed 13120K, reserved 1048576K
}
Event: 8.041 GC heap before
{Heap before GC invocations=49 (full 0):
 garbage-first heap   total 232448K, used 147615K [0x0000000080000000, 0x0000000100000000)
  region size 1024K, 11 young (11264K), 5 survivors (5120K)
 Metaspace       used 92763K, committed 93504K, reserved 1130496K
  class space    used 12817K, committed 13184K, reserved 1048576K
}
Event: 8.044 GC heap after
{Heap after GC invocations=50 (full 0):
 garbage-first heap   total 232448K, used 143306K [0x0000000080000000, 0x0000000100000000)
  region size 1024K, 2 young (2048K), 2 survivors (2048K)
 Metaspace       used 92763K, committed 93504K, reserved 1130496K
  class space    used 12817K, committed 13184K, reserved 1048576K
}
Event: 8.323 GC heap before
{Heap before GC invocations=50 (full 0):
 garbage-first heap   total 232448K, used 176074K [0x0000000080000000, 0x0000000100000000)
  region size 1024K, 35 young (35840K), 2 survivors (2048K)
 Metaspace       used 96772K, committed 97472K, reserved 1138688K
  class space    used 13294K, committed 13632K, reserved 1048576K
}
Event: 8.325 GC heap after
{Heap after GC invocations=51 (full 0):
 garbage-first heap   total 232448K, used 144811K [0x0000000080000000, 0x0000000100000000)
  region size 1024K, 4 young (4096K), 4 survivors (4096K)
 Metaspace       used 96772K, committed 97472K, reserved 1138688K
  class space    used 13294K, committed 13632K, reserved 1048576K
}
Event: 8.652 GC heap before
{Heap before GC invocations=52 (full 0):
 garbage-first heap   total 261120K, used 190891K [0x0000000080000000, 0x0000000100000000)
  region size 1024K, 43 young (44032K), 4 survivors (4096K)
 Metaspace       used 100312K, committed 101120K, reserved 1138688K
  class space    used 13642K, committed 14016K, reserved 1048576K
}
Event: 8.655 GC heap after
{Heap after GC invocations=53 (full 0):
 garbage-first heap   total 261120K, used 156030K [0x0000000080000000, 0x0000000100000000)
  region size 1024K, 6 young (6144K), 6 survivors (6144K)
 Metaspace       used 100312K, committed 101120K, reserved 1138688K
  class space    used 13642K, committed 14016K, reserved 1048576K
}
Event: 8.706 GC heap before
{Heap before GC invocations=53 (full 0):
 garbage-first heap   total 261120K, used 161150K [0x0000000080000000, 0x0000000100000000)
  region size 1024K, 12 young (12288K), 6 survivors (6144K)
 Metaspace       used 101224K, committed 101952K, reserved 1138688K
  class space    used 13695K, committed 14016K, reserved 1048576K
}
Event: 8.708 GC heap after
{Heap after GC invocations=54 (full 0):
 garbage-first heap   total 261120K, used 156208K [0x0000000080000000, 0x0000000100000000)
  region size 1024K, 2 young (2048K), 2 survivors (2048K)
 Metaspace       used 101224K, committed 101952K, reserved 1138688K
  class space    used 13695K, committed 14016K, reserved 1048576K
}
Event: 9.142 GC heap before
{Heap before GC invocations=54 (full 0):
 garbage-first heap   total 261120K, used 204336K [0x0000000080000000, 0x0000000100000000)
  region size 1024K, 49 young (50176K), 2 survivors (2048K)
 Metaspace       used 107343K, committed 108096K, reserved 1146880K
  class space    used 14378K, committed 14720K, reserved 1048576K
}
Event: 9.145 GC heap after
{Heap after GC invocations=55 (full 0):
 garbage-first heap   total 261120K, used 158925K [0x0000000080000000, 0x0000000100000000)
  region size 1024K, 4 young (4096K), 4 survivors (4096K)
 Metaspace       used 107343K, committed 108096K, reserved 1146880K
  class space    used 14378K, committed 14720K, reserved 1048576K
}
Event: 9.360 GC heap before
{Heap before GC invocations=55 (full 0):
 garbage-first heap   total 261120K, used 180429K [0x0000000080000000, 0x0000000100000000)
  region size 1024K, 26 young (26624K), 4 survivors (4096K)
 Metaspace       used 110831K, committed 111552K, reserved 1146880K
  class space    used 14838K, committed 15168K, reserved 1048576K
}
Event: 9.362 GC heap after
{Heap after GC invocations=56 (full 0):
 garbage-first heap   total 261120K, used 160396K [0x0000000080000000, 0x0000000100000000)
  region size 1024K, 5 young (5120K), 5 survivors (5120K)
 Metaspace       used 110831K, committed 111552K, reserved 1146880K
  class space    used 14838K, committed 15168K, reserved 1048576K
}
Event: 9.678 GC heap before
{Heap before GC invocations=57 (full 0):
 garbage-first heap   total 296960K, used 214668K [0x0000000080000000, 0x0000000100000000)
  region size 1024K, 57 young (58368K), 5 survivors (5120K)
 Metaspace       used 113127K, committed 113856K, reserved 1155072K
  class space    used 15105K, committed 15424K, reserved 1048576K
}
Event: 9.682 GC heap after
{Heap after GC invocations=58 (full 0):
 garbage-first heap   total 296960K, used 163749K [0x0000000080000000, 0x0000000100000000)
  region size 1024K, 5 young (5120K), 5 survivors (5120K)
 Metaspace       used 113127K, committed 113856K, reserved 1155072K
  class space    used 15105K, committed 15424K, reserved 1048576K
}
Event: 9.709 GC heap before
{Heap before GC invocations=58 (full 0):
 garbage-first heap   total 296960K, used 172965K [0x0000000080000000, 0x0000000100000000)
  region size 1024K, 14 young (14336K), 5 survivors (5120K)
 Metaspace       used 113185K, committed 113920K, reserved 1155072K
  class space    used 15105K, committed 15424K, reserved 1048576K
}
Event: 9.712 GC heap after
{Heap after GC invocations=59 (full 0):
 garbage-first heap   total 296960K, used 163580K [0x0000000080000000, 0x0000000100000000)
  region size 1024K, 2 young (2048K), 2 survivors (2048K)
 Metaspace       used 113185K, committed 113920K, reserved 1155072K
  class space    used 15105K, committed 15424K, reserved 1048576K
}
Event: 10.298 GC heap before
{Heap before GC invocations=59 (full 0):
 garbage-first heap   total 296960K, used 233212K [0x0000000080000000, 0x0000000100000000)
  region size 1024K, 70 young (71680K), 2 survivors (2048K)
 Metaspace       used 116607K, committed 117376K, reserved 1155072K
  class space    used 15458K, committed 15808K, reserved 1048576K
}

