# JRE version: OpenJDK Runtime Environment (17.0.6) (build 17.0.6+0-b2043.56-10027231)
# Java VM: OpenJDK 64-Bit Server VM (17.0.6+0-b2043.56-10027231, mixed mode, tiered, compressed oops, compressed class ptrs, g1 gc, windows-amd64)
GC Precious Log:
 CPUs: 12 total, 12 available
 Memory: 15713M
 Large Page Support: Disabled
 NUMA Support: Disabled
 Compressed Oops: Enabled (32-bit)
 Heap Region Size: 1M
 Heap Min Capacity: 8M
 Heap Initial Capacity: 246M
 Heap Max Capacity: 2G
 Pre-touch: Disabled
 Parallel Workers: 10
 Concurrent Workers: 3
 Concurrent Refinement Workers: 10
 Periodic GC: Disabled
Heap:
 garbage-first heap   total 195584K, used 138654K [0x0000000080000000, 0x0000000100000000)
  region size 1024K, 40 young (40960K), 2 survivors (2048K)
 Metaspace       used 74361K, committed 75136K, reserved 1114112K
  class space    used 10429K, committed 10752K, reserved 1048576K
GC Heap History (20 events):
Event: 8.613 GC heap before
{Heap before GC invocations=11 (full 0):
 garbage-first heap   total 131072K, used 67141K [0x0000000080000000, 0x0000000100000000)
  region size 1024K, 8 young (8192K), 6 survivors (6144K)
 Metaspace       used 47377K, committed 47808K, reserved 1097728K
  class space    used 6277K, committed 6464K, reserved 1048576K
}
Event: 8.617 GC heap after
{Heap after GC invocations=12 (full 0):
 garbage-first heap   total 131072K, used 67311K [0x0000000080000000, 0x0000000100000000)
  region size 1024K, 1 young (1024K), 1 survivors (1024K)
 Metaspace       used 47377K, committed 47808K, reserved 1097728K
  class space    used 6277K, committed 6464K, reserved 1048576K
}
Event: 9.358 GC heap before
{Heap before GC invocations=13 (full 0):
 garbage-first heap   total 131072K, used 106223K [0x0000000080000000, 0x0000000100000000)
  region size 1024K, 38 young (38912K), 1 survivors (1024K)
 Metaspace       used 51025K, committed 51520K, reserved 1097728K
  class space    used 6769K, committed 6976K, reserved 1048576K
}
Event: 9.361 GC heap after
{Heap after GC invocations=14 (full 0):
 garbage-first heap   total 131072K, used 69577K [0x0000000080000000, 0x0000000100000000)
  region size 1024K, 3 young (3072K), 3 survivors (3072K)
 Metaspace       used 51025K, committed 51520K, reserved 1097728K
  class space    used 6769K, committed 6976K, reserved 1048576K
}
Event: 10.211 GC heap before
{Heap before GC invocations=14 (full 0):
 garbage-first heap   total 131072K, used 105417K [0x0000000080000000, 0x0000000100000000)
  region size 1024K, 38 young (38912K), 3 survivors (3072K)
 Metaspace       used 55375K, committed 56000K, reserved 1097728K
  class space    used 7483K, committed 7744K, reserved 1048576K
}
Event: 10.218 GC heap after
{Heap after GC invocations=15 (full 0):
 garbage-first heap   total 131072K, used 72159K [0x0000000080000000, 0x0000000100000000)
  region size 1024K, 3 young (3072K), 3 survivors (3072K)
 Metaspace       used 55375K, committed 56000K, reserved 1097728K
  class space    used 7483K, committed 7744K, reserved 1048576K
}
Event: 10.917 GC heap before
{Heap before GC invocations=16 (full 0):
 garbage-first heap   total 131072K, used 105951K [0x0000000080000000, 0x0000000100000000)
  region size 1024K, 37 young (37888K), 3 survivors (3072K)
 Metaspace       used 56352K, committed 57024K, reserved 1105920K
  class space    used 7595K, committed 7872K, reserved 1048576K
}
Event: 10.923 GC heap after
{Heap after GC invocations=17 (full 0):
 garbage-first heap   total 131072K, used 76389K [0x0000000080000000, 0x0000000100000000)
  region size 1024K, 5 young (5120K), 5 survivors (5120K)
 Metaspace       used 56352K, committed 57024K, reserved 1105920K
  class space    used 7595K, committed 7872K, reserved 1048576K
}
Event: 11.565 GC heap before
{Heap before GC invocations=17 (full 0):
 garbage-first heap   total 131072K, used 100965K [0x0000000080000000, 0x0000000100000000)
  region size 1024K, 30 young (30720K), 5 survivors (5120K)
 Metaspace       used 60442K, committed 61120K, reserved 1105920K
  class space    used 8592K, committed 8896K, reserved 1048576K
}
Event: 11.571 GC heap after
{Heap after GC invocations=18 (full 0):
 garbage-first heap   total 131072K, used 77766K [0x0000000080000000, 0x0000000100000000)
  region size 1024K, 2 young (2048K), 2 survivors (2048K)
 Metaspace       used 60442K, committed 61120K, reserved 1105920K
  class space    used 8592K, committed 8896K, reserved 1048576K
}
Event: 12.033 GC heap before
{Heap before GC invocations=19 (full 0):
 garbage-first heap   total 140288K, used 116678K [0x0000000080000000, 0x0000000100000000)
  region size 1024K, 31 young (31744K), 2 survivors (2048K)
 Metaspace       used 63232K, committed 63872K, reserved 1105920K
  class space    used 8996K, committed 9280K, reserved 1048576K
}
Event: 12.037 GC heap after
{Heap after GC invocations=20 (full 0):
 garbage-first heap   total 140288K, used 93439K [0x0000000080000000, 0x0000000100000000)
  region size 1024K, 4 young (4096K), 4 survivors (4096K)
 Metaspace       used 63232K, committed 63872K, reserved 1105920K
  class space    used 8996K, committed 9280K, reserved 1048576K
}
Event: 12.082 GC heap before
{Heap before GC invocations=20 (full 0):
 garbage-first heap   total 140288K, used 95487K [0x0000000080000000, 0x0000000100000000)
  region size 1024K, 6 young (6144K), 4 survivors (4096K)
 Metaspace       used 63483K, committed 64192K, reserved 1105920K
  class space    used 9017K, committed 9344K, reserved 1048576K
}
Event: 12.085 GC heap after
{Heap after GC invocations=21 (full 0):
 garbage-first heap   total 140288K, used 93782K [0x0000000080000000, 0x0000000100000000)
  region size 1024K, 1 young (1024K), 1 survivors (1024K)
 Metaspace       used 63483K, committed 64192K, reserved 1105920K
  class space    used 9017K, committed 9344K, reserved 1048576K
}
Event: 12.569 GC heap before
{Heap before GC invocations=21 (full 0):
 garbage-first heap   total 140288K, used 116310K [0x0000000080000000, 0x0000000100000000)
  region size 1024K, 23 young (23552K), 1 survivors (1024K)
 Metaspace       used 66888K, committed 67584K, reserved 1114112K
  class space    used 9436K, committed 9728K, reserved 1048576K
}
Event: 12.572 GC heap after
{Heap after GC invocations=22 (full 0):
 garbage-first heap   total 140288K, used 94389K [0x0000000080000000, 0x0000000100000000)
  region size 1024K, 1 young (1024K), 1 survivors (1024K)
 Metaspace       used 66888K, committed 67584K, reserved 1114112K
  class space    used 9436K, committed 9728K, reserved 1048576K
}
Event: 13.076 GC heap before
{Heap before GC invocations=23 (full 0):
 garbage-first heap   total 162816K, used 121013K [0x0000000080000000, 0x0000000100000000)
  region size 1024K, 23 young (23552K), 1 survivors (1024K)
 Metaspace       used 70514K, committed 71296K, reserved 1114112K
  class space    used 9914K, committed 10240K, reserved 1048576K
}
Event: 13.091 GC heap after
{Heap after GC invocations=24 (full 0):
 garbage-first heap   total 195584K, used 101814K [0x0000000080000000, 0x0000000100000000)
  region size 1024K, 3 young (3072K), 3 survivors (3072K)
 Metaspace       used 70514K, committed 71296K, reserved 1114112K
  class space    used 9914K, committed 10240K, reserved 1048576K
}
Event: 13.157 GC heap before
{Heap before GC invocations=24 (full 0):
 garbage-first heap   total 195584K, used 108982K [0x0000000080000000, 0x0000000100000000)
  region size 1024K, 9 young (9216K), 3 survivors (3072K)
 Metaspace       used 70530K, committed 71296K, reserved 1114112K
  class space    used 9915K, committed 10240K, reserved 1048576K
}
Event: 13.160 GC heap after
{Heap after GC invocations=25 (full 0):
 garbage-first heap   total 195584K, used 100766K [0x0000000080000000, 0x0000000100000000)
  region size 1024K, 2 young (2048K), 2 survivors (2048K)
 Metaspace       used 70530K, committed 71296K, reserved 1114112K
  class space    used 9915K, committed 10240K, reserved 1048576K
}

